Конфликт utm_source в сделке 26887728
Конфликт utm_medium в сделке 26887728
Конфликт utm_campaign в сделке 26887728
Конфликт utm_content в сделке 26887728
Конфликт utm_term в сделке 26887728
Конфликт utm_source в сделке 26890664
Конфликт utm_medium в сделке 26890664
Конфликт utm_campaign в сделке 26890664
Конфликт utm_content в сделке 26890664
Конфликт utm_term в сделке 26890664
Конфликт utm_source в сделке 26895186
Конфликт utm_medium в сделке 26895186
Конфликт utm_campaign в сделке 26895186
Конфликт utm_content в сделке 26895186
Конфликт utm_term в сделке 26895186
Конфликт utm_source в сделке 26899234
Конфликт utm_medium в сделке 26899234
Конфликт utm_campaign в сделке 26899234
Конфликт utm_content в сделке 26899234
Конфликт utm_term в сделке 26899234
Конфликт utm_source в сделке 26903894
Конфликт utm_medium в сделке 26903894
Конфликт utm_campaign в сделке 26903894
Конфликт utm_content в сделке 26903894
Конфликт utm_term в сделке 26903894
